[2015-05-31 06:37:02] local.ERROR: exception 'ErrorException' with message 'Trying to get property of non-object' in C:\wamp\www\inv_5\storage\framework\views\c95d94358c6c8741c5692395a0d4274f:12
Stack trace:
#0 C:\wamp\www\inv_5\storage\framework\views\c95d94358c6c8741c5692395a0d4274f(12): Illuminate\Foundation\Bootstrap\HandleExceptions->handleError(8, 'Trying to get p...', 'C:\\wamp\\www\\inv...', 12, Array)
#1 C:\wamp\www\inv_5\vendor\compiled.php(13786): include('C:\\wamp\\www\\inv...')
#2 C:\wamp\www\inv_5\vendor\compiled.php(13819): Illuminate\View\Engines\PhpEngine->evaluatePath('C:\\wamp\\www\\inv...', Array)
#3 C:\wamp\www\inv_5\vendor\compiled.php(13659): Illuminate\View\Engines\CompilerEngine->get('C:\\wamp\\www\\inv...', Array)
#4 C:\wamp\www\inv_5\vendor\compiled.php(13646): Illuminate\View\View->getContents()
#5 C:\wamp\www\inv_5\vendor\compiled.php(13637): Illuminate\View\View->renderContents()
#6 C:\wamp\www\inv_5\storage\framework\views\7be17952578149984263f947f9c57bc6(2): Illuminate\View\View->render()
#7 C:\wamp\www\inv_5\vendor\compiled.php(13786): include('C:\\wamp\\www\\inv...')
#8 C:\wamp\www\inv_5\vendor\compiled.php(13819): Illuminate\View\Engines\PhpEngine->evaluatePath('C:\\wamp\\www\\inv...', Array)
#9 C:\wamp\www\inv_5\vendor\compiled.php(13659): Illuminate\View\Engines\CompilerEngine->get('C:\\wamp\\www\\inv...', Array)
#10 C:\wamp\www\inv_5\vendor\compiled.php(13646): Illuminate\View\View->getContents()
#11 C:\wamp\www\inv_5\vendor\compiled.php(13637): Illuminate\View\View->renderContents()
#12 C:\wamp\www\inv_5\vendor\compiled.php(14732): Illuminate\View\View->render()
#13 C:\wamp\www\inv_5\vendor\compiled.php(14261): Illuminate\Http\Response->setContent(Object(Illuminate\View\View))
#14 C:\wamp\www\inv_5\vendor\compiled.php(7255): Symfony\Component\HttpFoundation\Response->__construct(Object(Illuminate\View\View))
#15 C:\wamp\www\inv_5\vendor\compiled.php(7055): Illuminate\Routing\Router->prepareResponse(Object(Illuminate\Http\Request), Object(Illuminate\View\View))
#16 [internal function]: Illuminate\Routing\Router->Illuminate\Routing\{closure}(Object(Illuminate\Http\Request))
#17 C:\wamp\www\inv_5\vendor\compiled.php(9067): call_user_func(Object(Closure), Object(Illuminate\Http\Request))
#18 [internal function]: Illuminate\Pipeline\Pipeline->Illuminate\Pipeline\{closure}(Object(Illuminate\Http\Request))
#19 C:\wamp\www\inv_5\vendor\compiled.php(9050): call_user_func(Object(Closure), Object(Illuminate\Http\Request))
#20 C:\wamp\www\inv_5\vendor\compiled.php(7056): Illuminate\Pipeline\Pipeline->then(Object(Closure))
#21 C:\wamp\www\inv_5\vendor\compiled.php(7045): Illuminate\Routing\Router->runRouteWithinStack(Object(Illuminate\Routing\Route), Object(Illuminate\Http\Request))
#22 C:\wamp\www\inv_5\vendor\compiled.php(7030): Illuminate\Routing\Router->dispatchToRoute(Object(Illuminate\Http\Request))
#23 C:\wamp\www\inv_5\vendor\compiled.php(1989): Illuminate\Routing\Router->dispatch(Object(Illuminate\Http\Request))
#24 [internal function]: Illuminate\Foundation\Http\Kernel->Illuminate\Foundation\Http\{closure}(Object(Illuminate\Http\Request))
#25 C:\wamp\www\inv_5\vendor\compiled.php(9067): call_user_func(Object(Closure), Object(Illuminate\Http\Request))
#26 C:\wamp\www\inv_5\vendor\compiled.php(2492): Illuminate\Pipeline\Pipeline->Illuminate\Pipeline\{closure}(Object(Illuminate\Http\Request))
#27 C:\wamp\www\inv_5\app\Http\Middleware\VerifyCsrfToken.php(17): Illuminate\Foundation\Http\Middleware\VerifyCsrfToken->handle(Object(Illuminate\Http\Request), Object(Closure))
#28 C:\wamp\www\inv_5\vendor\compiled.php(9059): App\Http\Middleware\VerifyCsrfToken->handle(Object(Illuminate\Http\Request), Object(Closure))
#29 C:\wamp\www\inv_5\vendor\compiled.php(12216): Illuminate\Pipeline\Pipeline->Illuminate\Pipeline\{closure}(Object(Illuminate\Http\Request))
#30 C:\wamp\www\inv_5\vendor\compiled.php(9059): Illuminate\View\Middleware\ShareErrorsFromSession->handle(Object(Illuminate\Http\Request), Object(Closure))
#31 C:\wamp\www\inv_5\vendor\compiled.php(10917): Illuminate\Pipeline\Pipeline->Illuminate\Pipeline\{closure}(Object(Illuminate\Http\Request))
#32 C:\wamp\www\inv_5\vendor\compiled.php(9059): Illuminate\Session\Middleware\StartSession->handle(Object(Illuminate\Http\Request), Object(Closure))
#33 C:\wamp\www\inv_5\vendor\compiled.php(11922): Illuminate\Pipeline\Pipeline->Illuminate\Pipeline\{closure}(Object(Illuminate\Http\Request))
#34 C:\wamp\www\inv_5\vendor\compiled.php(9059): Illuminate\Cookie\Middleware\AddQueuedCookiesToResponse->handle(Object(Illuminate\Http\Request), Object(Closure))
#35 C:\wamp\www\inv_5\vendor\compiled.php(11871): Illuminate\Pipeline\Pipeline->Illuminate\Pipeline\{closure}(Object(Illuminate\Http\Request))
#36 C:\wamp\www\inv_5\vendor\compiled.php(9059): Illuminate\Cookie\Middleware\EncryptCookies->handle(Object(Illuminate\Http\Request), Object(Closure))
#37 C:\wamp\www\inv_5\vendor\compiled.php(2532): Illuminate\Pipeline\Pipeline->Illuminate\Pipeline\{closure}(Object(Illuminate\Http\Request))
#38 C:\wamp\www\inv_5\vendor\compiled.php(9059): Illuminate\Foundation\Http\Middleware\CheckForMaintenanceMode->handle(Object(Illuminate\Http\Request), Object(Closure))
#39 [internal function]: Illuminate\Pipeline\Pipeline->Illuminate\Pipeline\{closure}(Object(Illuminate\Http\Request))
#40 C:\wamp\www\inv_5\vendor\compiled.php(9050): call_user_func(Object(Closure), Object(Illuminate\Http\Request))
#41 C:\wamp\www\inv_5\vendor\compiled.php(1945): Illuminate\Pipeline\Pipeline->then(Object(Closure))
#42 C:\wamp\www\inv_5\vendor\compiled.php(1932): Illuminate\Foundation\Http\Kernel->sendRequestThroughRouter(Object(Illuminate\Http\Request))
#43 C:\wamp\www\inv_5\public\index.php(53): Illuminate\Foundation\Http\Kernel->handle(Object(Illuminate\Http\Request))
#44 {main}

Next exception 'ErrorException' with message 'Trying to get property of non-object (View: C:\wamp\www\inv_5\resources\views\util\m-topbar.blade.php)' in C:\wamp\www\inv_5\storage\framework\views\c95d94358c6c8741c5692395a0d4274f:12
Stack trace:
#0 C:\wamp\www\inv_5\vendor\compiled.php(13788): Illuminate\View\Engines\CompilerEngine->handleViewException(Object(ErrorException), 1)
#1 C:\wamp\www\inv_5\vendor\compiled.php(13819): Illuminate\View\Engines\PhpEngine->evaluatePath('C:\\wamp\\www\\inv...', Array)
#2 C:\wamp\www\inv_5\vendor\compiled.php(13659): Illuminate\View\Engines\CompilerEngine->get('C:\\wamp\\www\\inv...', Array)
#3 C:\wamp\www\inv_5\vendor\compiled.php(13646): Illuminate\View\View->getContents()
#4 C:\wamp\www\inv_5\vendor\compiled.php(13637): Illuminate\View\View->renderContents()
#5 C:\wamp\www\inv_5\storage\framework\views\7be17952578149984263f947f9c57bc6(2): Illuminate\View\View->render()
#6 C:\wamp\www\inv_5\vendor\compiled.php(13786): include('C:\\wamp\\www\\inv...')
#7 C:\wamp\www\inv_5\vendor\compiled.php(13819): Illuminate\View\Engines\PhpEngine->evaluatePath('C:\\wamp\\www\\inv...', Array)
#8 C:\wamp\www\inv_5\vendor\compiled.php(13659): Illuminate\View\Engines\CompilerEngine->get('C:\\wamp\\www\\inv...', Array)
#9 C:\wamp\www\inv_5\vendor\compiled.php(13646): Illuminate\View\View->getContents()
#10 C:\wamp\www\inv_5\vendor\compiled.php(13637): Illuminate\View\View->renderContents()
#11 C:\wamp\www\inv_5\vendor\compiled.php(14732): Illuminate\View\View->render()
#12 C:\wamp\www\inv_5\vendor\compiled.php(14261): Illuminate\Http\Response->setContent(Object(Illuminate\View\View))
#13 C:\wamp\www\inv_5\vendor\compiled.php(7255): Symfony\Component\HttpFoundation\Response->__construct(Object(Illuminate\View\View))
#14 C:\wamp\www\inv_5\vendor\compiled.php(7055): Illuminate\Routing\Router->prepareResponse(Object(Illuminate\Http\Request), Object(Illuminate\View\View))
#15 [internal function]: Illuminate\Routing\Router->Illuminate\Routing\{closure}(Object(Illuminate\Http\Request))
#16 C:\wamp\www\inv_5\vendor\compiled.php(9067): call_user_func(Object(Closure), Object(Illuminate\Http\Request))
#17 [internal function]: Illuminate\Pipeline\Pipeline->Illuminate\Pipeline\{closure}(Object(Illuminate\Http\Request))
#18 C:\wamp\www\inv_5\vendor\compiled.php(9050): call_user_func(Object(Closure), Object(Illuminate\Http\Request))
#19 C:\wamp\www\inv_5\vendor\compiled.php(7056): Illuminate\Pipeline\Pipeline->then(Object(Closure))
#20 C:\wamp\www\inv_5\vendor\compiled.php(7045): Illuminate\Routing\Router->runRouteWithinStack(Object(Illuminate\Routing\Route), Object(Illuminate\Http\Request))
#21 C:\wamp\www\inv_5\vendor\compiled.php(7030): Illuminate\Routing\Router->dispatchToRoute(Object(Illuminate\Http\Request))
#22 C:\wamp\www\inv_5\vendor\compiled.php(1989): Illuminate\Routing\Router->dispatch(Object(Illuminate\Http\Request))
#23 [internal function]: Illuminate\Foundation\Http\Kernel->Illuminate\Foundation\Http\{closure}(Object(Illuminate\Http\Request))
#24 C:\wamp\www\inv_5\vendor\compiled.php(9067): call_user_func(Object(Closure), Object(Illuminate\Http\Request))
#25 C:\wamp\www\inv_5\vendor\compiled.php(2492): Illuminate\Pipeline\Pipeline->Illuminate\Pipeline\{closure}(Object(Illuminate\Http\Request))
#26 C:\wamp\www\inv_5\app\Http\Middleware\VerifyCsrfToken.php(17): Illuminate\Foundation\Http\Middleware\VerifyCsrfToken->handle(Object(Illuminate\Http\Request), Object(Closure))
#27 C:\wamp\www\inv_5\vendor\compiled.php(9059): App\Http\Middleware\VerifyCsrfToken->handle(Object(Illuminate\Http\Request), Object(Closure))
#28 C:\wamp\www\inv_5\vendor\compiled.php(12216): Illuminate\Pipeline\Pipeline->Illuminate\Pipeline\{closure}(Object(Illuminate\Http\Request))
#29 C:\wamp\www\inv_5\vendor\compiled.php(9059): Illuminate\View\Middleware\ShareErrorsFromSession->handle(Object(Illuminate\Http\Request), Object(Closure))
#30 C:\wamp\www\inv_5\vendor\compiled.php(10917): Illuminate\Pipeline\Pipeline->Illuminate\Pipeline\{closure}(Object(Illuminate\Http\Request))
#31 C:\wamp\www\inv_5\vendor\compiled.php(9059): Illuminate\Session\Middleware\StartSession->handle(Object(Illuminate\Http\Request), Object(Closure))
#32 C:\wamp\www\inv_5\vendor\compiled.php(11922): Illuminate\Pipeline\Pipeline->Illuminate\Pipeline\{closure}(Object(Illuminate\Http\Request))
#33 C:\wamp\www\inv_5\vendor\compiled.php(9059): Illuminate\Cookie\Middleware\AddQueuedCookiesToResponse->handle(Object(Illuminate\Http\Request), Object(Closure))
#34 C:\wamp\www\inv_5\vendor\compiled.php(11871): Illuminate\Pipeline\Pipeline->Illuminate\Pipeline\{closure}(Object(Illuminate\Http\Request))
#35 C:\wamp\www\inv_5\vendor\compiled.php(9059): Illuminate\Cookie\Middleware\EncryptCookies->handle(Object(Illuminate\Http\Request), Object(Closure))
#36 C:\wamp\www\inv_5\vendor\compiled.php(2532): Illuminate\Pipeline\Pipeline->Illuminate\Pipeline\{closure}(Object(Illuminate\Http\Request))
#37 C:\wamp\www\inv_5\vendor\compiled.php(9059): Illuminate\Foundation\Http\Middleware\CheckForMaintenanceMode->handle(Object(Illuminate\Http\Request), Object(Closure))
#38 [internal function]: Illuminate\Pipeline\Pipeline->Illuminate\Pipeline\{closure}(Object(Illuminate\Http\Request))
#39 C:\wamp\www\inv_5\vendor\compiled.php(9050): call_user_func(Object(Closure), Object(Illuminate\Http\Request))
#40 C:\wamp\www\inv_5\vendor\compiled.php(1945): Illuminate\Pipeline\Pipeline->then(Object(Closure))
#41 C:\wamp\www\inv_5\vendor\compiled.php(1932): Illuminate\Foundation\Http\Kernel->sendRequestThroughRouter(Object(Illuminate\Http\Request))
#42 C:\wamp\www\inv_5\public\index.php(53): Illuminate\Foundation\Http\Kernel->handle(Object(Illuminate\Http\Request))
#43 {main}

Next exception 'ErrorException' with message 'Trying to get property of non-object (View: C:\wamp\www\inv_5\resources\views\util\m-topbar.blade.php) (View: C:\wamp\www\inv_5\resources\views\util\m-topbar.blade.php)' in C:\wamp\www\inv_5\storage\framework\views\c95d94358c6c8741c5692395a0d4274f:12
Stack trace:
#0 C:\wamp\www\inv_5\vendor\compiled.php(13788): Illuminate\View\Engines\CompilerEngine->handleViewException(Object(ErrorException), 1)
#1 C:\wamp\www\inv_5\vendor\compiled.php(13819): Illuminate\View\Engines\PhpEngine->evaluatePath('C:\\wamp\\www\\inv...', Array)
#2 C:\wamp\www\inv_5\vendor\compiled.php(13659): Illuminate\View\Engines\CompilerEngine->get('C:\\wamp\\www\\inv...', Array)
#3 C:\wamp\www\inv_5\vendor\compiled.php(13646): Illuminate\View\View->getContents()
#4 C:\wamp\www\inv_5\vendor\compiled.php(13637): Illuminate\View\View->renderContents()
#5 C:\wamp\www\inv_5\vendor\compiled.php(14732): Illuminate\View\View->render()
#6 C:\wamp\www\inv_5\vendor\compiled.php(14261): Illuminate\Http\Response->setContent(Object(Illuminate\View\View))
#7 C:\wamp\www\inv_5\vendor\compiled.php(7255): Symfony\Component\HttpFoundation\Response->__construct(Object(Illuminate\View\View))
#8 C:\wamp\www\inv_5\vendor\compiled.php(7055): Illuminate\Routing\Router->prepareResponse(Object(Illuminate\Http\Request), Object(Illuminate\View\View))
#9 [internal function]: Illuminate\Routing\Router->Illuminate\Routing\{closure}(Object(Illuminate\Http\Request))
#10 C:\wamp\www\inv_5\vendor\compiled.php(9067): call_user_func(Object(Closure), Object(Illuminate\Http\Request))
#11 [internal function]: Illuminate\Pipeline\Pipeline->Illuminate\Pipeline\{closure}(Object(Illuminate\Http\Request))
#12 C:\wamp\www\inv_5\vendor\compiled.php(9050): call_user_func(Object(Closure), Object(Illuminate\Http\Request))
#13 C:\wamp\www\inv_5\vendor\compiled.php(7056): Illuminate\Pipeline\Pipeline->then(Object(Closure))
#14 C:\wamp\www\inv_5\vendor\compiled.php(7045): Illuminate\Routing\Router->runRouteWithinStack(Object(Illuminate\Routing\Route), Object(Illuminate\Http\Request))
#15 C:\wamp\www\inv_5\vendor\compiled.php(7030): Illuminate\Routing\Router->dispatchToRoute(Object(Illuminate\Http\Request))
#16 C:\wamp\www\inv_5\vendor\compiled.php(1989): Illuminate\Routing\Router->dispatch(Object(Illuminate\Http\Request))
#17 [internal function]: Illuminate\Foundation\Http\Kernel->Illuminate\Foundation\Http\{closure}(Object(Illuminate\Http\Request))
#18 C:\wamp\www\inv_5\vendor\compiled.php(9067): call_user_func(Object(Closure), Object(Illuminate\Http\Request))
#19 C:\wamp\www\inv_5\vendor\compiled.php(2492): Illuminate\Pipeline\Pipeline->Illuminate\Pipeline\{closure}(Object(Illuminate\Http\Request))
#20 C:\wamp\www\inv_5\app\Http\Middleware\VerifyCsrfToken.php(17): Illuminate\Foundation\Http\Middleware\VerifyCsrfToken->handle(Object(Illuminate\Http\Request), Object(Closure))
#21 C:\wamp\www\inv_5\vendor\compiled.php(9059): App\Http\Middleware\VerifyCsrfToken->handle(Object(Illuminate\Http\Request), Object(Closure))
#22 C:\wamp\www\inv_5\vendor\compiled.php(12216): Illuminate\Pipeline\Pipeline->Illuminate\Pipeline\{closure}(Object(Illuminate\Http\Request))
#23 C:\wamp\www\inv_5\vendor\compiled.php(9059): Illuminate\View\Middleware\ShareErrorsFromSession->handle(Object(Illuminate\Http\Request), Object(Closure))
#24 C:\wamp\www\inv_5\vendor\compiled.php(10917): Illuminate\Pipeline\Pipeline->Illuminate\Pipeline\{closure}(Object(Illuminate\Http\Request))
#25 C:\wamp\www\inv_5\vendor\compiled.php(9059): Illuminate\Session\Middleware\StartSession->handle(Object(Illuminate\Http\Request), Object(Closure))
#26 C:\wamp\www\inv_5\vendor\compiled.php(11922): Illuminate\Pipeline\Pipeline->Illuminate\Pipeline\{closure}(Object(Illuminate\Http\Request))
#27 C:\wamp\www\inv_5\vendor\compiled.php(9059): Illuminate\Cookie\Middleware\AddQueuedCookiesToResponse->handle(Object(Illuminate\Http\Request), Object(Closure))
#28 C:\wamp\www\inv_5\vendor\compiled.php(11871): Illuminate\Pipeline\Pipeline->Illuminate\Pipeline\{closure}(Object(Illuminate\Http\Request))
#29 C:\wamp\www\inv_5\vendor\compiled.php(9059): Illuminate\Cookie\Middleware\EncryptCookies->handle(Object(Illuminate\Http\Request), Object(Closure))
#30 C:\wamp\www\inv_5\vendor\compiled.php(2532): Illuminate\Pipeline\Pipeline->Illuminate\Pipeline\{closure}(Object(Illuminate\Http\Request))
#31 C:\wamp\www\inv_5\vendor\compiled.php(9059): Illuminate\Foundation\Http\Middleware\CheckForMaintenanceMode->handle(Object(Illuminate\Http\Request), Object(Closure))
#32 [internal function]: Illuminate\Pipeline\Pipeline->Illuminate\Pipeline\{closure}(Object(Illuminate\Http\Request))
#33 C:\wamp\www\inv_5\vendor\compiled.php(9050): call_user_func(Object(Closure), Object(Illuminate\Http\Request))
#34 C:\wamp\www\inv_5\vendor\compiled.php(1945): Illuminate\Pipeline\Pipeline->then(Object(Closure))
#35 C:\wamp\www\inv_5\vendor\compiled.php(1932): Illuminate\Foundation\Http\Kernel->sendRequestThroughRouter(Object(Illuminate\Http\Request))
#36 C:\wamp\www\inv_5\public\index.php(53): Illuminate\Foundation\Http\Kernel->handle(Object(Illuminate\Http\Request))
#37 {main}  
[2015-05-31 16:20:18] local.ERROR: exception 'ErrorException' with message 'Trying to get property of non-object' in C:\wamp\www\inv_5\storage\framework\views\c95d94358c6c8741c5692395a0d4274f:12
Stack trace:
#0 C:\wamp\www\inv_5\storage\framework\views\c95d94358c6c8741c5692395a0d4274f(12): Illuminate\Foundation\Bootstrap\HandleExceptions->handleError(8, 'Trying to get p...', 'C:\\wamp\\www\\inv...', 12, Array)
#1 C:\wamp\www\inv_5\vendor\compiled.php(13786): include('C:\\wamp\\www\\inv...')
#2 C:\wamp\www\inv_5\vendor\compiled.php(13819): Illuminate\View\Engines\PhpEngine->evaluatePath('C:\\wamp\\www\\inv...', Array)
#3 C:\wamp\www\inv_5\vendor\compiled.php(13659): Illuminate\View\Engines\CompilerEngine->get('C:\\wamp\\www\\inv...', Array)
#4 C:\wamp\www\inv_5\vendor\compiled.php(13646): Illuminate\View\View->getContents()
#5 C:\wamp\www\inv_5\vendor\compiled.php(13637): Illuminate\View\View->renderContents()
#6 C:\wamp\www\inv_5\storage\framework\views\4a999439e15611db0370f9957380a8b5(2): Illuminate\View\View->render()
#7 C:\wamp\www\inv_5\vendor\compiled.php(13786): include('C:\\wamp\\www\\inv...')
#8 C:\wamp\www\inv_5\vendor\compiled.php(13819): Illuminate\View\Engines\PhpEngine->evaluatePath('C:\\wamp\\www\\inv...', Array)
#9 C:\wamp\www\inv_5\vendor\compiled.php(13659): Illuminate\View\Engines\CompilerEngine->get('C:\\wamp\\www\\inv...', Array)
#10 C:\wamp\www\inv_5\vendor\compiled.php(13646): Illuminate\View\View->getContents()
#11 C:\wamp\www\inv_5\vendor\compiled.php(13637): Illuminate\View\View->renderContents()
#12 C:\wamp\www\inv_5\vendor\compiled.php(14732): Illuminate\View\View->render()
#13 C:\wamp\www\inv_5\vendor\compiled.php(14261): Illuminate\Http\Response->setContent(Object(Illuminate\View\View))
#14 C:\wamp\www\inv_5\vendor\compiled.php(7255): Symfony\Component\HttpFoundation\Response->__construct(Object(Illuminate\View\View))
#15 C:\wamp\www\inv_5\vendor\compiled.php(7055): Illuminate\Routing\Router->prepareResponse(Object(Illuminate\Http\Request), Object(Illuminate\View\View))
#16 [internal function]: Illuminate\Routing\Router->Illuminate\Routing\{closure}(Object(Illuminate\Http\Request))
#17 C:\wamp\www\inv_5\vendor\compiled.php(9067): call_user_func(Object(Closure), Object(Illuminate\Http\Request))
#18 [internal function]: Illuminate\Pipeline\Pipeline->Illuminate\Pipeline\{closure}(Object(Illuminate\Http\Request))
#19 C:\wamp\www\inv_5\vendor\compiled.php(9050): call_user_func(Object(Closure), Object(Illuminate\Http\Request))
#20 C:\wamp\www\inv_5\vendor\compiled.php(7056): Illuminate\Pipeline\Pipeline->then(Object(Closure))
#21 C:\wamp\www\inv_5\vendor\compiled.php(7045): Illuminate\Routing\Router->runRouteWithinStack(Object(Illuminate\Routing\Route), Object(Illuminate\Http\Request))
#22 C:\wamp\www\inv_5\vendor\compiled.php(7030): Illuminate\Routing\Router->dispatchToRoute(Object(Illuminate\Http\Request))
#23 C:\wamp\www\inv_5\vendor\compiled.php(1989): Illuminate\Routing\Router->dispatch(Object(Illuminate\Http\Request))
#24 [internal function]: Illuminate\Foundation\Http\Kernel->Illuminate\Foundation\Http\{closure}(Object(Illuminate\Http\Request))
#25 C:\wamp\www\inv_5\vendor\compiled.php(9067): call_user_func(Object(Closure), Object(Illuminate\Http\Request))
#26 C:\wamp\www\inv_5\vendor\compiled.php(2492): Illuminate\Pipeline\Pipeline->Illuminate\Pipeline\{closure}(Object(Illuminate\Http\Request))
#27 C:\wamp\www\inv_5\app\Http\Middleware\VerifyCsrfToken.php(17): Illuminate\Foundation\Http\Middleware\VerifyCsrfToken->handle(Object(Illuminate\Http\Request), Object(Closure))
#28 C:\wamp\www\inv_5\vendor\compiled.php(9059): App\Http\Middleware\VerifyCsrfToken->handle(Object(Illuminate\Http\Request), Object(Closure))
#29 C:\wamp\www\inv_5\vendor\compiled.php(12216): Illuminate\Pipeline\Pipeline->Illuminate\Pipeline\{closure}(Object(Illuminate\Http\Request))
#30 C:\wamp\www\inv_5\vendor\compiled.php(9059): Illuminate\View\Middleware\ShareErrorsFromSession->handle(Object(Illuminate\Http\Request), Object(Closure))
#31 C:\wamp\www\inv_5\vendor\compiled.php(10917): Illuminate\Pipeline\Pipeline->Illuminate\Pipeline\{closure}(Object(Illuminate\Http\Request))
#32 C:\wamp\www\inv_5\vendor\compiled.php(9059): Illuminate\Session\Middleware\StartSession->handle(Object(Illuminate\Http\Request), Object(Closure))
#33 C:\wamp\www\inv_5\vendor\compiled.php(11922): Illuminate\Pipeline\Pipeline->Illuminate\Pipeline\{closure}(Object(Illuminate\Http\Request))
#34 C:\wamp\www\inv_5\vendor\compiled.php(9059): Illuminate\Cookie\Middleware\AddQueuedCookiesToResponse->handle(Object(Illuminate\Http\Request), Object(Closure))
#35 C:\wamp\www\inv_5\vendor\compiled.php(11871): Illuminate\Pipeline\Pipeline->Illuminate\Pipeline\{closure}(Object(Illuminate\Http\Request))
#36 C:\wamp\www\inv_5\vendor\compiled.php(9059): Illuminate\Cookie\Middleware\EncryptCookies->handle(Object(Illuminate\Http\Request), Object(Closure))
#37 C:\wamp\www\inv_5\vendor\compiled.php(2532): Illuminate\Pipeline\Pipeline->Illuminate\Pipeline\{closure}(Object(Illuminate\Http\Request))
#38 C:\wamp\www\inv_5\vendor\compiled.php(9059): Illuminate\Foundation\Http\Middleware\CheckForMaintenanceMode->handle(Object(Illuminate\Http\Request), Object(Closure))
#39 [internal function]: Illuminate\Pipeline\Pipeline->Illuminate\Pipeline\{closure}(Object(Illuminate\Http\Request))
#40 C:\wamp\www\inv_5\vendor\compiled.php(9050): call_user_func(Object(Closure), Object(Illuminate\Http\Request))
#41 C:\wamp\www\inv_5\vendor\compiled.php(1945): Illuminate\Pipeline\Pipeline->then(Object(Closure))
#42 C:\wamp\www\inv_5\vendor\compiled.php(1932): Illuminate\Foundation\Http\Kernel->sendRequestThroughRouter(Object(Illuminate\Http\Request))
#43 C:\wamp\www\inv_5\public\index.php(53): Illuminate\Foundation\Http\Kernel->handle(Object(Illuminate\Http\Request))
#44 {main}

Next exception 'ErrorException' with message 'Trying to get property of non-object (View: C:\wamp\www\inv_5\resources\views\util\m-topbar.blade.php)' in C:\wamp\www\inv_5\storage\framework\views\c95d94358c6c8741c5692395a0d4274f:12
Stack trace:
#0 C:\wamp\www\inv_5\vendor\compiled.php(13788): Illuminate\View\Engines\CompilerEngine->handleViewException(Object(ErrorException), 1)
#1 C:\wamp\www\inv_5\vendor\compiled.php(13819): Illuminate\View\Engines\PhpEngine->evaluatePath('C:\\wamp\\www\\inv...', Array)
#2 C:\wamp\www\inv_5\vendor\compiled.php(13659): Illuminate\View\Engines\CompilerEngine->get('C:\\wamp\\www\\inv...', Array)
#3 C:\wamp\www\inv_5\vendor\compiled.php(13646): Illuminate\View\View->getContents()
#4 C:\wamp\www\inv_5\vendor\compiled.php(13637): Illuminate\View\View->renderContents()
#5 C:\wamp\www\inv_5\storage\framework\views\4a999439e15611db0370f9957380a8b5(2): Illuminate\View\View->render()
#6 C:\wamp\www\inv_5\vendor\compiled.php(13786): include('C:\\wamp\\www\\inv...')
#7 C:\wamp\www\inv_5\vendor\compiled.php(13819): Illuminate\View\Engines\PhpEngine->evaluatePath('C:\\wamp\\www\\inv...', Array)
#8 C:\wamp\www\inv_5\vendor\compiled.php(13659): Illuminate\View\Engines\CompilerEngine->get('C:\\wamp\\www\\inv...', Array)
#9 C:\wamp\www\inv_5\vendor\compiled.php(13646): Illuminate\View\View->getContents()
#10 C:\wamp\www\inv_5\vendor\compiled.php(13637): Illuminate\View\View->renderContents()
#11 C:\wamp\www\inv_5\vendor\compiled.php(14732): Illuminate\View\View->render()
#12 C:\wamp\www\inv_5\vendor\compiled.php(14261): Illuminate\Http\Response->setContent(Object(Illuminate\View\View))
#13 C:\wamp\www\inv_5\vendor\compiled.php(7255): Symfony\Component\HttpFoundation\Response->__construct(Object(Illuminate\View\View))
#14 C:\wamp\www\inv_5\vendor\compiled.php(7055): Illuminate\Routing\Router->prepareResponse(Object(Illuminate\Http\Request), Object(Illuminate\View\View))
#15 [internal function]: Illuminate\Routing\Router->Illuminate\Routing\{closure}(Object(Illuminate\Http\Request))
#16 C:\wamp\www\inv_5\vendor\compiled.php(9067): call_user_func(Object(Closure), Object(Illuminate\Http\Request))
#17 [internal function]: Illuminate\Pipeline\Pipeline->Illuminate\Pipeline\{closure}(Object(Illuminate\Http\Request))
#18 C:\wamp\www\inv_5\vendor\compiled.php(9050): call_user_func(Object(Closure), Object(Illuminate\Http\Request))
#19 C:\wamp\www\inv_5\vendor\compiled.php(7056): Illuminate\Pipeline\Pipeline->then(Object(Closure))
#20 C:\wamp\www\inv_5\vendor\compiled.php(7045): Illuminate\Routing\Router->runRouteWithinStack(Object(Illuminate\Routing\Route), Object(Illuminate\Http\Request))
#21 C:\wamp\www\inv_5\vendor\compiled.php(7030): Illuminate\Routing\Router->dispatchToRoute(Object(Illuminate\Http\Request))
#22 C:\wamp\www\inv_5\vendor\compiled.php(1989): Illuminate\Routing\Router->dispatch(Object(Illuminate\Http\Request))
#23 [internal function]: Illuminate\Foundation\Http\Kernel->Illuminate\Foundation\Http\{closure}(Object(Illuminate\Http\Request))
#24 C:\wamp\www\inv_5\vendor\compiled.php(9067): call_user_func(Object(Closure), Object(Illuminate\Http\Request))
#25 C:\wamp\www\inv_5\vendor\compiled.php(2492): Illuminate\Pipeline\Pipeline->Illuminate\Pipeline\{closure}(Object(Illuminate\Http\Request))
#26 C:\wamp\www\inv_5\app\Http\Middleware\VerifyCsrfToken.php(17): Illuminate\Foundation\Http\Middleware\VerifyCsrfToken->handle(Object(Illuminate\Http\Request), Object(Closure))
#27 C:\wamp\www\inv_5\vendor\compiled.php(9059): App\Http\Middleware\VerifyCsrfToken->handle(Object(Illuminate\Http\Request), Object(Closure))
#28 C:\wamp\www\inv_5\vendor\compiled.php(12216): Illuminate\Pipeline\Pipeline->Illuminate\Pipeline\{closure}(Object(Illuminate\Http\Request))
#29 C:\wamp\www\inv_5\vendor\compiled.php(9059): Illuminate\View\Middleware\ShareErrorsFromSession->handle(Object(Illuminate\Http\Request), Object(Closure))
#30 C:\wamp\www\inv_5\vendor\compiled.php(10917): Illuminate\Pipeline\Pipeline->Illuminate\Pipeline\{closure}(Object(Illuminate\Http\Request))
#31 C:\wamp\www\inv_5\vendor\compiled.php(9059): Illuminate\Session\Middleware\StartSession->handle(Object(Illuminate\Http\Request), Object(Closure))
#32 C:\wamp\www\inv_5\vendor\compiled.php(11922): Illuminate\Pipeline\Pipeline->Illuminate\Pipeline\{closure}(Object(Illuminate\Http\Request))
#33 C:\wamp\www\inv_5\vendor\compiled.php(9059): Illuminate\Cookie\Middleware\AddQueuedCookiesToResponse->handle(Object(Illuminate\Http\Request), Object(Closure))
#34 C:\wamp\www\inv_5\vendor\compiled.php(11871): Illuminate\Pipeline\Pipeline->Illuminate\Pipeline\{closure}(Object(Illuminate\Http\Request))
#35 C:\wamp\www\inv_5\vendor\compiled.php(9059): Illuminate\Cookie\Middleware\EncryptCookies->handle(Object(Illuminate\Http\Request), Object(Closure))
#36 C:\wamp\www\inv_5\vendor\compiled.php(2532): Illuminate\Pipeline\Pipeline->Illuminate\Pipeline\{closure}(Object(Illuminate\Http\Request))
#37 C:\wamp\www\inv_5\vendor\compiled.php(9059): Illuminate\Foundation\Http\Middleware\CheckForMaintenanceMode->handle(Object(Illuminate\Http\Request), Object(Closure))
#38 [internal function]: Illuminate\Pipeline\Pipeline->Illuminate\Pipeline\{closure}(Object(Illuminate\Http\Request))
#39 C:\wamp\www\inv_5\vendor\compiled.php(9050): call_user_func(Object(Closure), Object(Illuminate\Http\Request))
#40 C:\wamp\www\inv_5\vendor\compiled.php(1945): Illuminate\Pipeline\Pipeline->then(Object(Closure))
#41 C:\wamp\www\inv_5\vendor\compiled.php(1932): Illuminate\Foundation\Http\Kernel->sendRequestThroughRouter(Object(Illuminate\Http\Request))
#42 C:\wamp\www\inv_5\public\index.php(53): Illuminate\Foundation\Http\Kernel->handle(Object(Illuminate\Http\Request))
#43 {main}

Next exception 'ErrorException' with message 'Trying to get property of non-object (View: C:\wamp\www\inv_5\resources\views\util\m-topbar.blade.php) (View: C:\wamp\www\inv_5\resources\views\util\m-topbar.blade.php)' in C:\wamp\www\inv_5\storage\framework\views\c95d94358c6c8741c5692395a0d4274f:12
Stack trace:
#0 C:\wamp\www\inv_5\vendor\compiled.php(13788): Illuminate\View\Engines\CompilerEngine->handleViewException(Object(ErrorException), 1)
#1 C:\wamp\www\inv_5\vendor\compiled.php(13819): Illuminate\View\Engines\PhpEngine->evaluatePath('C:\\wamp\\www\\inv...', Array)
#2 C:\wamp\www\inv_5\vendor\compiled.php(13659): Illuminate\View\Engines\CompilerEngine->get('C:\\wamp\\www\\inv...', Array)
#3 C:\wamp\www\inv_5\vendor\compiled.php(13646): Illuminate\View\View->getContents()
#4 C:\wamp\www\inv_5\vendor\compiled.php(13637): Illuminate\View\View->renderContents()
#5 C:\wamp\www\inv_5\vendor\compiled.php(14732): Illuminate\View\View->render()
#6 C:\wamp\www\inv_5\vendor\compiled.php(14261): Illuminate\Http\Response->setContent(Object(Illuminate\View\View))
#7 C:\wamp\www\inv_5\vendor\compiled.php(7255): Symfony\Component\HttpFoundation\Response->__construct(Object(Illuminate\View\View))
#8 C:\wamp\www\inv_5\vendor\compiled.php(7055): Illuminate\Routing\Router->prepareResponse(Object(Illuminate\Http\Request), Object(Illuminate\View\View))
#9 [internal function]: Illuminate\Routing\Router->Illuminate\Routing\{closure}(Object(Illuminate\Http\Request))
#10 C:\wamp\www\inv_5\vendor\compiled.php(9067): call_user_func(Object(Closure), Object(Illuminate\Http\Request))
#11 [internal function]: Illuminate\Pipeline\Pipeline->Illuminate\Pipeline\{closure}(Object(Illuminate\Http\Request))
#12 C:\wamp\www\inv_5\vendor\compiled.php(9050): call_user_func(Object(Closure), Object(Illuminate\Http\Request))
#13 C:\wamp\www\inv_5\vendor\compiled.php(7056): Illuminate\Pipeline\Pipeline->then(Object(Closure))
#14 C:\wamp\www\inv_5\vendor\compiled.php(7045): Illuminate\Routing\Router->runRouteWithinStack(Object(Illuminate\Routing\Route), Object(Illuminate\Http\Request))
#15 C:\wamp\www\inv_5\vendor\compiled.php(7030): Illuminate\Routing\Router->dispatchToRoute(Object(Illuminate\Http\Request))
#16 C:\wamp\www\inv_5\vendor\compiled.php(1989): Illuminate\Routing\Router->dispatch(Object(Illuminate\Http\Request))
#17 [internal function]: Illuminate\Foundation\Http\Kernel->Illuminate\Foundation\Http\{closure}(Object(Illuminate\Http\Request))
#18 C:\wamp\www\inv_5\vendor\compiled.php(9067): call_user_func(Object(Closure), Object(Illuminate\Http\Request))
#19 C:\wamp\www\inv_5\vendor\compiled.php(2492): Illuminate\Pipeline\Pipeline->Illuminate\Pipeline\{closure}(Object(Illuminate\Http\Request))
#20 C:\wamp\www\inv_5\app\Http\Middleware\VerifyCsrfToken.php(17): Illuminate\Foundation\Http\Middleware\VerifyCsrfToken->handle(Object(Illuminate\Http\Request), Object(Closure))
#21 C:\wamp\www\inv_5\vendor\compiled.php(9059): App\Http\Middleware\VerifyCsrfToken->handle(Object(Illuminate\Http\Request), Object(Closure))
#22 C:\wamp\www\inv_5\vendor\compiled.php(12216): Illuminate\Pipeline\Pipeline->Illuminate\Pipeline\{closure}(Object(Illuminate\Http\Request))
#23 C:\wamp\www\inv_5\vendor\compiled.php(9059): Illuminate\View\Middleware\ShareErrorsFromSession->handle(Object(Illuminate\Http\Request), Object(Closure))
#24 C:\wamp\www\inv_5\vendor\compiled.php(10917): Illuminate\Pipeline\Pipeline->Illuminate\Pipeline\{closure}(Object(Illuminate\Http\Request))
#25 C:\wamp\www\inv_5\vendor\compiled.php(9059): Illuminate\Session\Middleware\StartSession->handle(Object(Illuminate\Http\Request), Object(Closure))
#26 C:\wamp\www\inv_5\vendor\compiled.php(11922): Illuminate\Pipeline\Pipeline->Illuminate\Pipeline\{closure}(Object(Illuminate\Http\Request))
#27 C:\wamp\www\inv_5\vendor\compiled.php(9059): Illuminate\Cookie\Middleware\AddQueuedCookiesToResponse->handle(Object(Illuminate\Http\Request), Object(Closure))
#28 C:\wamp\www\inv_5\vendor\compiled.php(11871): Illuminate\Pipeline\Pipeline->Illuminate\Pipeline\{closure}(Object(Illuminate\Http\Request))
#29 C:\wamp\www\inv_5\vendor\compiled.php(9059): Illuminate\Cookie\Middleware\EncryptCookies->handle(Object(Illuminate\Http\Request), Object(Closure))
#30 C:\wamp\www\inv_5\vendor\compiled.php(2532): Illuminate\Pipeline\Pipeline->Illuminate\Pipeline\{closure}(Object(Illuminate\Http\Request))
#31 C:\wamp\www\inv_5\vendor\compiled.php(9059): Illuminate\Foundation\Http\Middleware\CheckForMaintenanceMode->handle(Object(Illuminate\Http\Request), Object(Closure))
#32 [internal function]: Illuminate\Pipeline\Pipeline->Illuminate\Pipeline\{closure}(Object(Illuminate\Http\Request))
#33 C:\wamp\www\inv_5\vendor\compiled.php(9050): call_user_func(Object(Closure), Object(Illuminate\Http\Request))
#34 C:\wamp\www\inv_5\vendor\compiled.php(1945): Illuminate\Pipeline\Pipeline->then(Object(Closure))
#35 C:\wamp\www\inv_5\vendor\compiled.php(1932): Illuminate\Foundation\Http\Kernel->sendRequestThroughRouter(Object(Illuminate\Http\Request))
#36 C:\wamp\www\inv_5\public\index.php(53): Illuminate\Foundation\Http\Kernel->handle(Object(Illuminate\Http\Request))
#37 {main}  
